<?xml version="1.0" encoding="UTF-8"?>
<!-- Generated by org.testng.reporters.JUnitReportReporter -->
<testsuite hostname="LAPTOP-7LQ2IVHJ" failures="0" tests="3" name="com.mindtree.runners.LambdaTest" time="0.019" errors="0" timestamp="2022-04-29T18:18:42 IST" skipped="0">
  <testcase classname="com.mindtree.runners.LambdaTest" name="test2" time="0.003"/>
  <system-out/>
  <testcase classname="com.mindtree.runners.LambdaTest" name="test1" time="0.014"/>
  <system-out/>
  <testcase classname="com.mindtree.runners.LambdaTest" name="test3" time="0.002"/>
  <system-out/>
</testsuite> <!-- com.mindtree.runners.LambdaTest -->
